1739243550401	geckodriver	INFO	Listening on 127.0.0.1:50614
1739243553497	mozrunner::runner	INFO	Running command: "C:\\Users\\CLASSROOM\\.cache\\selenium\\firefox\\win64\\135.0\\firefox.exe" "--marionette" "--remote-debugg ... "--remote-allow-hosts" "localhost" "-no-remote" "-profile" "C:\\Users\\CLASSR~1\\AppData\\Local\\Temp\\rust_mozprofileKnHGn3"
console.warn: services.settings: Ignoring preference override of remote settings server
console.warn: services.settings: Allow by setting MOZ_REMOTE_SETTINGS_DEVTOOLS=1 in the environment
Dynamically enable window occlusion 0
1739243553740	Marionette	INFO	Marionette enabled
1739243553822	Marionette	INFO	Listening on port 50624
WebDriver BiDi listening on ws://127.0.0.1:50615
Read port: 50624
1739243553944	RemoteAgent	WARN	TLS certificate errors will be ignored for this session
DevTools listening on ws://127.0.0.1:50615/devtools/browser/0492e376-4a7b-4426-8580-9170fab98fd6
JavaScript warning: https://automationexercise.com/static/js/jquery.js, line 2: Using //@ to indicate sourceMappingURL pragmas is deprecated. Use //# instead
JavaScript warning: https://pagead2.googlesyndication.com/pagead/managed/js/activeview/current/ufs_web_display.js, line 13: Script terminated by timeout at:
C@https://pagead2.googlesyndication.com/pagead/managed/js/activeview/current/ufs_web_display.js:13:325
h@https://pagead2.googlesyndication.com/pagead/managed/js/activeview/current/ufs_web_display.js:93:449

JavaScript warning: http://automationexercise.com/static/js/jquery.js, line 2: Using //@ to indicate sourceMappingURL pragmas is deprecated. Use //# instead
console.warn: LoginRecipes: "Falling back to a synchronous message for: http://automationexercise.com."
console.warn: LoginRecipes: "Falling back to a synchronous message for: http://automationexercise.com."
JavaScript warning: https://pagead2.googlesyndication.com/pagead/managed/js/activeview/current/ufs_web_display.js, line 13: Script terminated by timeout at:
C@https://pagead2.googlesyndication.com/pagead/managed/js/activeview/current/ufs_web_display.js:13:325
h@https://pagead2.googlesyndication.com/pagead/managed/js/activeview/current/ufs_web_display.js:93:449

JavaScript warning: https://automationexercise.com/static/js/jquery.js, line 2: Using //@ to indicate sourceMappingURL pragmas is deprecated. Use //# instead
JavaScript warning: https://automationexercise.com/static/js/jquery.js, line 2: Using //@ to indicate sourceMappingURL pragmas is deprecated. Use //# instead
1739243564864	Marionette	INFO	Stopped listening on port 50624
Dynamically enable window occlusion 1
