1739243475380	geckodriver	INFO	Listening on 127.0.0.1:50530
1739243478480	mozrunner::runner	INFO	Running command: "C:\\Users\\CLASSROOM\\.cache\\selenium\\firefox\\win64\\135.0\\firefox.exe" "--marionette" "--remote-debugg ... "--remote-allow-hosts" "localhost" "-no-remote" "-profile" "C:\\Users\\CLASSR~1\\AppData\\Local\\Temp\\rust_mozprofilefcq5xc"
console.warn: services.settings: Ignoring preference override of remote settings server
console.warn: services.settings: Allow by setting MOZ_REMOTE_SETTINGS_DEVTOOLS=1 in the environment
Dynamically enable window occlusion 0
1739243478731	Marionette	INFO	Marionette enabled
1739243478817	Marionette	INFO	Listening on port 50538
WebDriver BiDi listening on ws://127.0.0.1:50531
Read port: 50538
1739243478946	RemoteAgent	WARN	TLS certificate errors will be ignored for this session
DevTools listening on ws://127.0.0.1:50531/devtools/browser/80649681-2a50-4b94-ba47-423147f1476a
JavaScript warning: https://automationexercise.com/static/js/jquery.js, line 2: Using //@ to indicate sourceMappingURL pragmas is deprecated. Use //# instead
1739243484560	Marionette	WARN	Ignoring event 'DOMContentLoaded' because document has an invalid readyState of 'complete'.
JavaScript warning: http://automationexercise.com/static/js/jquery.js, line 2: Using //@ to indicate sourceMappingURL pragmas is deprecated. Use //# instead
console.warn: LoginRecipes: "Falling back to a synchronous message for: http://automationexercise.com."
console.warn: LoginRecipes: "Falling back to a synchronous message for: http://automationexercise.com."
JavaScript warning: https://automationexercise.com/static/js/jquery.js, line 2: Using //@ to indicate sourceMappingURL pragmas is deprecated. Use //# instead
JavaScript warning: https://automationexercise.com/static/js/jquery.js, line 2: Using //@ to indicate sourceMappingURL pragmas is deprecated. Use //# instead
1739243492474	Marionette	INFO	Stopped listening on port 50538
Dynamically enable window occlusion 1
